V "4.8.10.0"
R
C 3
= 0x5570a38629c8
R
P 0x5570a38629c8
S "model"
S "true"
C 5
R
P 0x5570a38629c8
C 6
= 0x5570a3862a48
R
P 0x5570a38629c8
C 4
R
P 0x5570a3862a48
C 431
= 0x5570a38629c8
R
P 0x5570a3862a48
P 0x5570a38629c8
C 440
M "bitvector_example1"
R
P 0x5570a3862a48
U 32
C 35
= 0x5570a386d608
R
P 0x5570a3862a48
S "x"
C 30
R
P 0x5570a3862a48
$ |x|
P 0x5570a386d608
C 51
= 0x5570a386dae8
R
P 0x5570a3862a48
S "0"
P 0x5570a386d608
C 152
= 0x5570a386db08
R
P 0x5570a3862a48
S "10"
P 0x5570a386d608
C 152
= 0x5570a386db28
R
P 0x5570a3862a48
P 0x5570a386dae8
P 0x5570a386db28
C 94
= 0x5570a3873738
R
P 0x5570a3862a48
P 0x5570a386dae8
P 0x5570a386db28
C 104
= 0x5570a3873770
R
P 0x5570a3862a48
P 0x5570a3873738
P 0x5570a386db08
C 104
= 0x5570a38737a8
R
P 0x5570a3862a48
P 0x5570a3873770
P 0x5570a38737a8
C 62
= 0x5570a38737e0
R
P 0x5570a3862a48
P 0x5570a38629c8
C 443
R
P 0x5570a3862a48
P 0x5570a38737e0
C 60
= 0x5570a386f458
R
P 0x5570a3862a48
P 0x5570a38629c8
P 0x5570a386f458
C 447
R
P 0x5570a3862a48
P 0x5570a38629c8
C 458
R
P 0x5570a3862a48
P 0x5570a38629c8
C 463
= 0x5570a3b6e998
R
P 0x5570a3862a48
P 0x5570a3b6e998
C 319
R
P 0x5570a3862a48
P 0x5570a3b6e998
C 356
R
P 0x5570a3862a48
P 0x5570a3b6e998
C 320
R
P 0x5570a3862a48
P 0x5570a38629c8
U 1
C 444
R
P 0x5570a3862a48
P 0x5570a38629c8
C 441
R
P 0x5570a3862a48
C 8
R
C 3
= 0x5570a3b48db8
R
P 0x5570a3b48db8
S "model"
S "true"
C 5
R
P 0x5570a3b48db8
C 6
= 0x5570a3b66668
R
P 0x5570a3b48db8
C 4
R
P 0x5570a3b66668
C 431
= 0x5570a3b6ed98
R
P 0x5570a3b66668
P 0x5570a3b6ed98
C 440
R
P 0x5570a3b66668
U 32
C 35
= 0x5570a3ae75d8
R
P 0x5570a3b66668
S "x"
C 30
R
P 0x5570a3b66668
$ |x|
P 0x5570a3ae75d8
C 51
= 0x5570a3ae7ab8
R
P 0x5570a3b66668
S "y"
C 30
R
P 0x5570a3b66668
$ |y|
P 0x5570a3ae75d8
C 51
= 0x5570a3ae7ad8
R
P 0x5570a3b66668
P 0x5570a3ae7ab8
P 0x5570a3ae7ad8
C 88
= 0x5570a387cae8
R
P 0x5570a3b66668
S "103"
P 0x5570a3ae75d8
C 152
= 0x5570a3ae7af8
R
P 0x5570a3b66668
P 0x5570a387cae8
P 0x5570a3ae7af8
C 94
= 0x5570a387cb20
R
P 0x5570a3b66668
P 0x5570a3ae7ab8
P 0x5570a3ae7ad8
C 95
= 0x5570a387cb58
R
P 0x5570a3b66668
P 0x5570a387cb20
P 0x5570a387cb58
C 58
= 0x5570a387cb90
M "bitvector_example2"
R
P 0x5570a3b66668
P 0x5570a3b6ed98
P 0x5570a387cb90
C 447
R
P 0x5570a3b66668
P 0x5570a3b6ed98
C 458
R
P 0x5570a3b66668
P 0x5570a3b6ed98
C 463
= 0x5570a3a70cf8
R
P 0x5570a3b66668
P 0x5570a3a70cf8
C 319
R
P 0x5570a3b66668
P 0x5570a3a70cf8
C 356
R
P 0x5570a3b66668
P 0x5570a3a70cf8
C 320
R
P 0x5570a3b66668
P 0x5570a3b6ed98
C 441
R
P 0x5570a3b66668
C 8
R
C 3
= 0x5570a3b07d68
R
P 0x5570a3b07d68
S "model"
S "true"
C 5
R
P 0x5570a3b07d68
C 6
= 0x5570a38e2db8
R
P 0x5570a3b07d68
C 4
R
P 0x5570a38e2db8
C 431
= 0x5570a3b48ab8
R
P 0x5570a38e2db8
P 0x5570a3b48ab8
C 440
M "eval_example1"
R
P 0x5570a38e2db8
C 33
= 0x5570a3ae7198
R
P 0x5570a38e2db8
S "x"
C 30
R
P 0x5570a38e2db8
$ |x|
P 0x5570a3ae7198
C 51
= 0x5570a3ae7ab8
R
P 0x5570a38e2db8
C 33
= 0x5570a3ae7198
R
P 0x5570a38e2db8
S "y"
C 30
R
P 0x5570a38e2db8
$ |y|
P 0x5570a3ae7198
C 51
= 0x5570a3ae7ad8
R
P 0x5570a38e2db8
C 33
= 0x5570a3ae7198
R
P 0x5570a38e2db8
I 2
P 0x5570a3ae7198
C 154
= 0x5570a3ae7af8
R
P 0x5570a38e2db8
P 0x5570a3ae7ab8
P 0x5570a3ae7ad8
C 75
= 0x5570a3bc1c48
R
P 0x5570a38e2db8
P 0x5570a3b48ab8
P 0x5570a3bc1c48
C 447
R
P 0x5570a38e2db8
P 0x5570a3ae7ab8
P 0x5570a3ae7af8
C 77
= 0x5570a3bc1d28
R
P 0x5570a38e2db8
P 0x5570a3b48ab8
P 0x5570a3bc1d28
C 447
R
P 0x5570a38e2db8
P 0x5570a3b48ab8
C 458
R
P 0x5570a38e2db8
P 0x5570a3b48ab8
C 463
= 0x5570a3a01c28
R
P 0x5570a38e2db8
P 0x5570a3a01c28
C 319
R
P 0x5570a38e2db8
P 0x5570a3a01c28
C 356
R
P 0x5570a38e2db8
U 2
P 0x5570a3ae7ab8
P 0x5570a3ae7ad8
p 2
C 67
= 0x5570a3bc1e78
R
P 0x5570a38e2db8
P 0x5570a3a01c28
P 0x5570a3bc1e78
I 1
P 0
C 321
* 0x5570a3ae7e58 4
R
P 0x5570a38e2db8
P 0x5570a3ae7e58
C 274
R
P 0x5570a38e2db8
P 0x5570a3ae7e58
C 280
R
P 0x5570a38e2db8
P 0x5570a3ae7e58
C 271
= 0x5570a3ae7198
R
P 0x5570a38e2db8
P 0x5570a3ae7198
C 226
R
P 0x5570a38e2db8
P 0x5570a3a01c28
C 320
R
P 0x5570a38e2db8
P 0x5570a3b48ab8
C 441
R
P 0x5570a38e2db8
C 8
